operation_mode: chain_tqe
[2025-06-28 16:09:30,782][tensorflow][WARNING] - Efficient allreduce is not supported for 1 IndexedSlices
[2025-06-28 16:09:32,779][tensorflow][WARNING] - Efficient allreduce is not supported for 1 IndexedSlices
[2025-06-28 16:13:46,061][root][INFO] - creating C:\Users\drugm\stm32ai-modelzoo-services\text_generation_word\mlruns\312492346656385967\4cc90ec6f20e488484c1b0b3f699c547\artifacts\tensorboard_logs\metrics
[2025-06-28 16:13:46,062][root][INFO] - copying C:\Users\drugm\stm32ai-modelzoo-services\text_generation_word\src\experiments_outputs\2025_06_28_16_09_21\logs\metrics\events.out.tfevents.1751119769.TITOS_DESKTOP.10000.0.v2 -> C:\Users\drugm\stm32ai-modelzoo-services\text_generation_word\mlruns\312492346656385967\4cc90ec6f20e488484c1b0b3f699c547\artifacts\tensorboard_logs\metrics
[2025-06-28 16:13:46,068][root][INFO] - copying C:\Users\drugm\stm32ai-modelzoo-services\text_generation_word\src\experiments_outputs\2025_06_28_16_09_21\logs\metrics\train_metrics.csv -> C:\Users\drugm\stm32ai-modelzoo-services\text_generation_word\mlruns\312492346656385967\4cc90ec6f20e488484c1b0b3f699c547\artifacts\tensorboard_logs\metrics
[2025-06-28 16:13:46,072][root][INFO] - creating C:\Users\drugm\stm32ai-modelzoo-services\text_generation_word\mlruns\312492346656385967\4cc90ec6f20e488484c1b0b3f699c547\artifacts\tensorboard_logs\train
[2025-06-28 16:13:46,073][root][INFO] - copying C:\Users\drugm\stm32ai-modelzoo-services\text_generation_word\src\experiments_outputs\2025_06_28_16_09_21\logs\train\events.out.tfevents.1751119769.TITOS_DESKTOP.10000.1.v2 -> C:\Users\drugm\stm32ai-modelzoo-services\text_generation_word\mlruns\312492346656385967\4cc90ec6f20e488484c1b0b3f699c547\artifacts\tensorboard_logs\train
[2025-06-28 16:13:46,078][root][INFO] - creating C:\Users\drugm\stm32ai-modelzoo-services\text_generation_word\mlruns\312492346656385967\4cc90ec6f20e488484c1b0b3f699c547\artifacts\tensorboard_logs\validation
[2025-06-28 16:13:46,079][root][INFO] - copying C:\Users\drugm\stm32ai-modelzoo-services\text_generation_word\src\experiments_outputs\2025_06_28_16_09_21\logs\validation\events.out.tfevents.1751119802.TITOS_DESKTOP.10000.2.v2 -> C:\Users\drugm\stm32ai-modelzoo-services\text_generation_word\mlruns\312492346656385967\4cc90ec6f20e488484c1b0b3f699c547\artifacts\tensorboard_logs\validation
[2025-06-28 16:13:46,761][tensorflow][WARNING] - Compiled the loaded model, but the compiled metrics have yet to be built. `model.compile_metrics` will be empty until you train or evaluate the model.
[2025-06-28 16:13:47,089][tensorflow][WARNING] - No training configuration found in the save file, so the model was *not* compiled. Compile it manually.
[2025-06-28 16:13:49,588][absl][WARNING] - Found untraced functions such as mha_layer_call_fn, mha_layer_call_and_return_conditional_losses, ln1_layer_call_fn, ln1_layer_call_and_return_conditional_losses, ln2_layer_call_fn while saving (showing 5 of 56). These functions will not be directly callable after loading.
[2025-06-28 16:13:59,792][root][INFO] - creating C:\Users\drugm\stm32ai-modelzoo-services\text_generation_word\mlruns\312492346656385967\4cc90ec6f20e488484c1b0b3f699c547\artifacts\2025_06_28_16_09_21\.hydra
[2025-06-28 16:13:59,792][root][INFO] - copying ./src/experiments_outputs/2025_06_28_16_09_21\.hydra\config.yaml -> C:\Users\drugm\stm32ai-modelzoo-services\text_generation_word\mlruns\312492346656385967\4cc90ec6f20e488484c1b0b3f699c547\artifacts\2025_06_28_16_09_21\.hydra
[2025-06-28 16:13:59,800][root][INFO] - copying ./src/experiments_outputs/2025_06_28_16_09_21\.hydra\hydra.yaml -> C:\Users\drugm\stm32ai-modelzoo-services\text_generation_word\mlruns\312492346656385967\4cc90ec6f20e488484c1b0b3f699c547\artifacts\2025_06_28_16_09_21\.hydra
[2025-06-28 16:13:59,806][root][INFO] - copying ./src/experiments_outputs/2025_06_28_16_09_21\.hydra\overrides.yaml -> C:\Users\drugm\stm32ai-modelzoo-services\text_generation_word\mlruns\312492346656385967\4cc90ec6f20e488484c1b0b3f699c547\artifacts\2025_06_28_16_09_21\.hydra
[2025-06-28 16:13:59,807][root][INFO] - creating C:\Users\drugm\stm32ai-modelzoo-services\text_generation_word\mlruns\312492346656385967\4cc90ec6f20e488484c1b0b3f699c547\artifacts\2025_06_28_16_09_21\logs
[2025-06-28 16:13:59,808][root][INFO] - creating C:\Users\drugm\stm32ai-modelzoo-services\text_generation_word\mlruns\312492346656385967\4cc90ec6f20e488484c1b0b3f699c547\artifacts\2025_06_28_16_09_21\logs\metrics
[2025-06-28 16:13:59,808][root][INFO] - copying ./src/experiments_outputs/2025_06_28_16_09_21\logs\metrics\events.out.tfevents.1751119769.TITOS_DESKTOP.10000.0.v2 -> C:\Users\drugm\stm32ai-modelzoo-services\text_generation_word\mlruns\312492346656385967\4cc90ec6f20e488484c1b0b3f699c547\artifacts\2025_06_28_16_09_21\logs\metrics
[2025-06-28 16:13:59,809][root][INFO] - copying ./src/experiments_outputs/2025_06_28_16_09_21\logs\metrics\train_metrics.csv -> C:\Users\drugm\stm32ai-modelzoo-services\text_generation_word\mlruns\312492346656385967\4cc90ec6f20e488484c1b0b3f699c547\artifacts\2025_06_28_16_09_21\logs\metrics
[2025-06-28 16:13:59,809][root][INFO] - creating C:\Users\drugm\stm32ai-modelzoo-services\text_generation_word\mlruns\312492346656385967\4cc90ec6f20e488484c1b0b3f699c547\artifacts\2025_06_28_16_09_21\logs\train
[2025-06-28 16:13:59,810][root][INFO] - copying ./src/experiments_outputs/2025_06_28_16_09_21\logs\train\events.out.tfevents.1751119769.TITOS_DESKTOP.10000.1.v2 -> C:\Users\drugm\stm32ai-modelzoo-services\text_generation_word\mlruns\312492346656385967\4cc90ec6f20e488484c1b0b3f699c547\artifacts\2025_06_28_16_09_21\logs\train
[2025-06-28 16:13:59,811][root][INFO] - creating C:\Users\drugm\stm32ai-modelzoo-services\text_generation_word\mlruns\312492346656385967\4cc90ec6f20e488484c1b0b3f699c547\artifacts\2025_06_28_16_09_21\logs\validation
[2025-06-28 16:13:59,812][root][INFO] - copying ./src/experiments_outputs/2025_06_28_16_09_21\logs\validation\events.out.tfevents.1751119802.TITOS_DESKTOP.10000.2.v2 -> C:\Users\drugm\stm32ai-modelzoo-services\text_generation_word\mlruns\312492346656385967\4cc90ec6f20e488484c1b0b3f699c547\artifacts\2025_06_28_16_09_21\logs\validation
[2025-06-28 16:13:59,812][root][INFO] - creating C:\Users\drugm\stm32ai-modelzoo-services\text_generation_word\mlruns\312492346656385967\4cc90ec6f20e488484c1b0b3f699c547\artifacts\2025_06_28_16_09_21\quantized_models
[2025-06-28 16:13:59,813][root][INFO] - copying ./src/experiments_outputs/2025_06_28_16_09_21\quantized_models\embedding_matrix.npy -> C:\Users\drugm\stm32ai-modelzoo-services\text_generation_word\mlruns\312492346656385967\4cc90ec6f20e488484c1b0b3f699c547\artifacts\2025_06_28_16_09_21\quantized_models
[2025-06-28 16:13:59,815][root][INFO] - copying ./src/experiments_outputs/2025_06_28_16_09_21\quantized_models\quantized_model.tflite -> C:\Users\drugm\stm32ai-modelzoo-services\text_generation_word\mlruns\312492346656385967\4cc90ec6f20e488484c1b0b3f699c547\artifacts\2025_06_28_16_09_21\quantized_models
[2025-06-28 16:13:59,817][root][INFO] - creating C:\Users\drugm\stm32ai-modelzoo-services\text_generation_word\mlruns\312492346656385967\4cc90ec6f20e488484c1b0b3f699c547\artifacts\2025_06_28_16_09_21\saved_models
[2025-06-28 16:13:59,817][root][INFO] - copying ./src/experiments_outputs/2025_06_28_16_09_21\saved_models\best_model.h5 -> C:\Users\drugm\stm32ai-modelzoo-services\text_generation_word\mlruns\312492346656385967\4cc90ec6f20e488484c1b0b3f699c547\artifacts\2025_06_28_16_09_21\saved_models
[2025-06-28 16:13:59,834][root][INFO] - copying ./src/experiments_outputs/2025_06_28_16_09_21\saved_models\last_model.h5 -> C:\Users\drugm\stm32ai-modelzoo-services\text_generation_word\mlruns\312492346656385967\4cc90ec6f20e488484c1b0b3f699c547\artifacts\2025_06_28_16_09_21\saved_models
[2025-06-28 16:13:59,858][root][INFO] - copying ./src/experiments_outputs/2025_06_28_16_09_21\stm32ai_main.log -> C:\Users\drugm\stm32ai-modelzoo-services\text_generation_word\mlruns\312492346656385967\4cc90ec6f20e488484c1b0b3f699c547\artifacts\2025_06_28_16_09_21
operation finished: chain_tqe
