operation_mode: chain_tqe
[2025-06-28 15:53:02,688][tensorflow][WARNING] - Efficient allreduce is not supported for 1 IndexedSlices
[2025-06-28 15:53:04,684][tensorflow][WARNING] - Efficient allreduce is not supported for 1 IndexedSlices
[2025-06-28 15:53:36,948][root][INFO] - creating C:\Users\drugm\stm32ai-modelzoo-services\text_generation_word\mlruns\510929955865488507\d2c82b2c544a4764bdeadcb6a24f6d6a\artifacts\tensorboard_logs\metrics
[2025-06-28 15:53:36,948][root][INFO] - copying C:\Users\drugm\stm32ai-modelzoo-services\text_generation_word\src\experiments_outputs\2025_06_28_15_52_53\logs\metrics\events.out.tfevents.1751118781.TITOS_DESKTOP.9844.0.v2 -> C:\Users\drugm\stm32ai-modelzoo-services\text_generation_word\mlruns\510929955865488507\d2c82b2c544a4764bdeadcb6a24f6d6a\artifacts\tensorboard_logs\metrics
[2025-06-28 15:53:36,954][root][INFO] - copying C:\Users\drugm\stm32ai-modelzoo-services\text_generation_word\src\experiments_outputs\2025_06_28_15_52_53\logs\metrics\train_metrics.csv -> C:\Users\drugm\stm32ai-modelzoo-services\text_generation_word\mlruns\510929955865488507\d2c82b2c544a4764bdeadcb6a24f6d6a\artifacts\tensorboard_logs\metrics
[2025-06-28 15:53:36,958][root][INFO] - creating C:\Users\drugm\stm32ai-modelzoo-services\text_generation_word\mlruns\510929955865488507\d2c82b2c544a4764bdeadcb6a24f6d6a\artifacts\tensorboard_logs\train
[2025-06-28 15:53:36,958][root][INFO] - copying C:\Users\drugm\stm32ai-modelzoo-services\text_generation_word\src\experiments_outputs\2025_06_28_15_52_53\logs\train\events.out.tfevents.1751118781.TITOS_DESKTOP.9844.1.v2 -> C:\Users\drugm\stm32ai-modelzoo-services\text_generation_word\mlruns\510929955865488507\d2c82b2c544a4764bdeadcb6a24f6d6a\artifacts\tensorboard_logs\train
[2025-06-28 15:53:36,963][root][INFO] - creating C:\Users\drugm\stm32ai-modelzoo-services\text_generation_word\mlruns\510929955865488507\d2c82b2c544a4764bdeadcb6a24f6d6a\artifacts\tensorboard_logs\validation
[2025-06-28 15:53:36,965][root][INFO] - copying C:\Users\drugm\stm32ai-modelzoo-services\text_generation_word\src\experiments_outputs\2025_06_28_15_52_53\logs\validation\events.out.tfevents.1751118813.TITOS_DESKTOP.9844.2.v2 -> C:\Users\drugm\stm32ai-modelzoo-services\text_generation_word\mlruns\510929955865488507\d2c82b2c544a4764bdeadcb6a24f6d6a\artifacts\tensorboard_logs\validation
[2025-06-28 15:53:37,691][tensorflow][WARNING] - Compiled the loaded model, but the compiled metrics have yet to be built. `model.compile_metrics` will be empty until you train or evaluate the model.
[2025-06-28 15:53:38,044][tensorflow][WARNING] - No training configuration found in the save file, so the model was *not* compiled. Compile it manually.
[2025-06-28 15:53:40,566][absl][WARNING] - Found untraced functions such as mha_layer_call_fn, mha_layer_call_and_return_conditional_losses, ln1_layer_call_fn, ln1_layer_call_and_return_conditional_losses, ln2_layer_call_fn while saving (showing 5 of 56). These functions will not be directly callable after loading.
[2025-06-28 15:53:50,833][root][INFO] - creating C:\Users\drugm\stm32ai-modelzoo-services\text_generation_word\mlruns\510929955865488507\d2c82b2c544a4764bdeadcb6a24f6d6a\artifacts\2025_06_28_15_52_53\.hydra
[2025-06-28 15:53:50,833][root][INFO] - copying ./src/experiments_outputs/2025_06_28_15_52_53\.hydra\config.yaml -> C:\Users\drugm\stm32ai-modelzoo-services\text_generation_word\mlruns\510929955865488507\d2c82b2c544a4764bdeadcb6a24f6d6a\artifacts\2025_06_28_15_52_53\.hydra
[2025-06-28 15:53:50,841][root][INFO] - copying ./src/experiments_outputs/2025_06_28_15_52_53\.hydra\hydra.yaml -> C:\Users\drugm\stm32ai-modelzoo-services\text_generation_word\mlruns\510929955865488507\d2c82b2c544a4764bdeadcb6a24f6d6a\artifacts\2025_06_28_15_52_53\.hydra
[2025-06-28 15:53:50,848][root][INFO] - copying ./src/experiments_outputs/2025_06_28_15_52_53\.hydra\overrides.yaml -> C:\Users\drugm\stm32ai-modelzoo-services\text_generation_word\mlruns\510929955865488507\d2c82b2c544a4764bdeadcb6a24f6d6a\artifacts\2025_06_28_15_52_53\.hydra
[2025-06-28 15:53:50,858][root][INFO] - creating C:\Users\drugm\stm32ai-modelzoo-services\text_generation_word\mlruns\510929955865488507\d2c82b2c544a4764bdeadcb6a24f6d6a\artifacts\2025_06_28_15_52_53\logs
[2025-06-28 15:53:50,858][root][INFO] - creating C:\Users\drugm\stm32ai-modelzoo-services\text_generation_word\mlruns\510929955865488507\d2c82b2c544a4764bdeadcb6a24f6d6a\artifacts\2025_06_28_15_52_53\logs\metrics
[2025-06-28 15:53:50,859][root][INFO] - copying ./src/experiments_outputs/2025_06_28_15_52_53\logs\metrics\events.out.tfevents.1751118781.TITOS_DESKTOP.9844.0.v2 -> C:\Users\drugm\stm32ai-modelzoo-services\text_generation_word\mlruns\510929955865488507\d2c82b2c544a4764bdeadcb6a24f6d6a\artifacts\2025_06_28_15_52_53\logs\metrics
[2025-06-28 15:53:50,859][root][INFO] - copying ./src/experiments_outputs/2025_06_28_15_52_53\logs\metrics\train_metrics.csv -> C:\Users\drugm\stm32ai-modelzoo-services\text_generation_word\mlruns\510929955865488507\d2c82b2c544a4764bdeadcb6a24f6d6a\artifacts\2025_06_28_15_52_53\logs\metrics
[2025-06-28 15:53:50,860][root][INFO] - creating C:\Users\drugm\stm32ai-modelzoo-services\text_generation_word\mlruns\510929955865488507\d2c82b2c544a4764bdeadcb6a24f6d6a\artifacts\2025_06_28_15_52_53\logs\train
[2025-06-28 15:53:50,860][root][INFO] - copying ./src/experiments_outputs/2025_06_28_15_52_53\logs\train\events.out.tfevents.1751118781.TITOS_DESKTOP.9844.1.v2 -> C:\Users\drugm\stm32ai-modelzoo-services\text_generation_word\mlruns\510929955865488507\d2c82b2c544a4764bdeadcb6a24f6d6a\artifacts\2025_06_28_15_52_53\logs\train
[2025-06-28 15:53:50,862][root][INFO] - creating C:\Users\drugm\stm32ai-modelzoo-services\text_generation_word\mlruns\510929955865488507\d2c82b2c544a4764bdeadcb6a24f6d6a\artifacts\2025_06_28_15_52_53\logs\validation
[2025-06-28 15:53:50,862][root][INFO] - copying ./src/experiments_outputs/2025_06_28_15_52_53\logs\validation\events.out.tfevents.1751118813.TITOS_DESKTOP.9844.2.v2 -> C:\Users\drugm\stm32ai-modelzoo-services\text_generation_word\mlruns\510929955865488507\d2c82b2c544a4764bdeadcb6a24f6d6a\artifacts\2025_06_28_15_52_53\logs\validation
[2025-06-28 15:53:50,863][root][INFO] - creating C:\Users\drugm\stm32ai-modelzoo-services\text_generation_word\mlruns\510929955865488507\d2c82b2c544a4764bdeadcb6a24f6d6a\artifacts\2025_06_28_15_52_53\quantized_models
[2025-06-28 15:53:50,863][root][INFO] - copying ./src/experiments_outputs/2025_06_28_15_52_53\quantized_models\embedding_matrix.npy -> C:\Users\drugm\stm32ai-modelzoo-services\text_generation_word\mlruns\510929955865488507\d2c82b2c544a4764bdeadcb6a24f6d6a\artifacts\2025_06_28_15_52_53\quantized_models
[2025-06-28 15:53:50,865][root][INFO] - copying ./src/experiments_outputs/2025_06_28_15_52_53\quantized_models\quantized_model.tflite -> C:\Users\drugm\stm32ai-modelzoo-services\text_generation_word\mlruns\510929955865488507\d2c82b2c544a4764bdeadcb6a24f6d6a\artifacts\2025_06_28_15_52_53\quantized_models
[2025-06-28 15:53:50,867][root][INFO] - creating C:\Users\drugm\stm32ai-modelzoo-services\text_generation_word\mlruns\510929955865488507\d2c82b2c544a4764bdeadcb6a24f6d6a\artifacts\2025_06_28_15_52_53\saved_models
[2025-06-28 15:53:50,867][root][INFO] - copying ./src/experiments_outputs/2025_06_28_15_52_53\saved_models\best_model.h5 -> C:\Users\drugm\stm32ai-modelzoo-services\text_generation_word\mlruns\510929955865488507\d2c82b2c544a4764bdeadcb6a24f6d6a\artifacts\2025_06_28_15_52_53\saved_models
[2025-06-28 15:53:50,885][root][INFO] - copying ./src/experiments_outputs/2025_06_28_15_52_53\saved_models\last_model.h5 -> C:\Users\drugm\stm32ai-modelzoo-services\text_generation_word\mlruns\510929955865488507\d2c82b2c544a4764bdeadcb6a24f6d6a\artifacts\2025_06_28_15_52_53\saved_models
[2025-06-28 15:53:50,907][root][INFO] - copying ./src/experiments_outputs/2025_06_28_15_52_53\stm32ai_main.log -> C:\Users\drugm\stm32ai-modelzoo-services\text_generation_word\mlruns\510929955865488507\d2c82b2c544a4764bdeadcb6a24f6d6a\artifacts\2025_06_28_15_52_53
operation finished: chain_tqe
