operation_mode: chain_tqe
[2025-06-28 17:32:15,009][tensorflow][WARNING] - Efficient allreduce is not supported for 1 IndexedSlices
[2025-06-28 17:32:17,348][tensorflow][WARNING] - Efficient allreduce is not supported for 1 IndexedSlices
[2025-06-28 17:39:50,926][root][INFO] - creating C:\Users\drugm\stm32ai-modelzoo-services\text_generation_word\mlruns\821670684318703961\6426534d84b04d76876a265adce80265\artifacts\tensorboard_logs\metrics
[2025-06-28 17:39:50,927][root][INFO] - copying C:\Users\drugm\stm32ai-modelzoo-services\text_generation_word\src\experiments_outputs\2025_06_28_17_31_27\logs\metrics\events.out.tfevents.1751124733.TITOS_DESKTOP.23224.0.v2 -> C:\Users\drugm\stm32ai-modelzoo-services\text_generation_word\mlruns\821670684318703961\6426534d84b04d76876a265adce80265\artifacts\tensorboard_logs\metrics
[2025-06-28 17:39:50,935][root][INFO] - copying C:\Users\drugm\stm32ai-modelzoo-services\text_generation_word\src\experiments_outputs\2025_06_28_17_31_27\logs\metrics\train_metrics.csv -> C:\Users\drugm\stm32ai-modelzoo-services\text_generation_word\mlruns\821670684318703961\6426534d84b04d76876a265adce80265\artifacts\tensorboard_logs\metrics
[2025-06-28 17:39:50,941][root][INFO] - creating C:\Users\drugm\stm32ai-modelzoo-services\text_generation_word\mlruns\821670684318703961\6426534d84b04d76876a265adce80265\artifacts\tensorboard_logs\train
[2025-06-28 17:39:50,941][root][INFO] - copying C:\Users\drugm\stm32ai-modelzoo-services\text_generation_word\src\experiments_outputs\2025_06_28_17_31_27\logs\train\events.out.tfevents.1751124733.TITOS_DESKTOP.23224.1.v2 -> C:\Users\drugm\stm32ai-modelzoo-services\text_generation_word\mlruns\821670684318703961\6426534d84b04d76876a265adce80265\artifacts\tensorboard_logs\train
[2025-06-28 17:39:50,948][root][INFO] - creating C:\Users\drugm\stm32ai-modelzoo-services\text_generation_word\mlruns\821670684318703961\6426534d84b04d76876a265adce80265\artifacts\tensorboard_logs\validation
[2025-06-28 17:39:50,948][root][INFO] - copying C:\Users\drugm\stm32ai-modelzoo-services\text_generation_word\src\experiments_outputs\2025_06_28_17_31_27\logs\validation\events.out.tfevents.1751125158.TITOS_DESKTOP.23224.2.v2 -> C:\Users\drugm\stm32ai-modelzoo-services\text_generation_word\mlruns\821670684318703961\6426534d84b04d76876a265adce80265\artifacts\tensorboard_logs\validation
[2025-06-28 17:39:52,330][tensorflow][WARNING] - Compiled the loaded model, but the compiled metrics have yet to be built. `model.compile_metrics` will be empty until you train or evaluate the model.
[2025-06-28 17:39:52,811][tensorflow][WARNING] - No training configuration found in the save file, so the model was *not* compiled. Compile it manually.
[2025-06-28 17:39:56,235][absl][WARNING] - Found untraced functions such as mha_layer_call_fn, mha_layer_call_and_return_conditional_losses, ln1_layer_call_fn, ln1_layer_call_and_return_conditional_losses, ln2_layer_call_fn while saving (showing 5 of 84). These functions will not be directly callable after loading.
[2025-06-28 17:40:18,413][root][INFO] - creating C:\Users\drugm\stm32ai-modelzoo-services\text_generation_word\mlruns\821670684318703961\6426534d84b04d76876a265adce80265\artifacts\2025_06_28_17_31_27\.hydra
[2025-06-28 17:40:18,414][root][INFO] - copying ./src/experiments_outputs/2025_06_28_17_31_27\.hydra\config.yaml -> C:\Users\drugm\stm32ai-modelzoo-services\text_generation_word\mlruns\821670684318703961\6426534d84b04d76876a265adce80265\artifacts\2025_06_28_17_31_27\.hydra
[2025-06-28 17:40:18,421][root][INFO] - copying ./src/experiments_outputs/2025_06_28_17_31_27\.hydra\hydra.yaml -> C:\Users\drugm\stm32ai-modelzoo-services\text_generation_word\mlruns\821670684318703961\6426534d84b04d76876a265adce80265\artifacts\2025_06_28_17_31_27\.hydra
[2025-06-28 17:40:18,428][root][INFO] - copying ./src/experiments_outputs/2025_06_28_17_31_27\.hydra\overrides.yaml -> C:\Users\drugm\stm32ai-modelzoo-services\text_generation_word\mlruns\821670684318703961\6426534d84b04d76876a265adce80265\artifacts\2025_06_28_17_31_27\.hydra
[2025-06-28 17:40:18,429][root][INFO] - creating C:\Users\drugm\stm32ai-modelzoo-services\text_generation_word\mlruns\821670684318703961\6426534d84b04d76876a265adce80265\artifacts\2025_06_28_17_31_27\logs
[2025-06-28 17:40:18,429][root][INFO] - creating C:\Users\drugm\stm32ai-modelzoo-services\text_generation_word\mlruns\821670684318703961\6426534d84b04d76876a265adce80265\artifacts\2025_06_28_17_31_27\logs\metrics
[2025-06-28 17:40:18,429][root][INFO] - copying ./src/experiments_outputs/2025_06_28_17_31_27\logs\metrics\events.out.tfevents.1751124733.TITOS_DESKTOP.23224.0.v2 -> C:\Users\drugm\stm32ai-modelzoo-services\text_generation_word\mlruns\821670684318703961\6426534d84b04d76876a265adce80265\artifacts\2025_06_28_17_31_27\logs\metrics
[2025-06-28 17:40:18,430][root][INFO] - copying ./src/experiments_outputs/2025_06_28_17_31_27\logs\metrics\train_metrics.csv -> C:\Users\drugm\stm32ai-modelzoo-services\text_generation_word\mlruns\821670684318703961\6426534d84b04d76876a265adce80265\artifacts\2025_06_28_17_31_27\logs\metrics
[2025-06-28 17:40:18,431][root][INFO] - creating C:\Users\drugm\stm32ai-modelzoo-services\text_generation_word\mlruns\821670684318703961\6426534d84b04d76876a265adce80265\artifacts\2025_06_28_17_31_27\logs\train
[2025-06-28 17:40:18,431][root][INFO] - copying ./src/experiments_outputs/2025_06_28_17_31_27\logs\train\events.out.tfevents.1751124733.TITOS_DESKTOP.23224.1.v2 -> C:\Users\drugm\stm32ai-modelzoo-services\text_generation_word\mlruns\821670684318703961\6426534d84b04d76876a265adce80265\artifacts\2025_06_28_17_31_27\logs\train
[2025-06-28 17:40:18,433][root][INFO] - creating C:\Users\drugm\stm32ai-modelzoo-services\text_generation_word\mlruns\821670684318703961\6426534d84b04d76876a265adce80265\artifacts\2025_06_28_17_31_27\logs\validation
[2025-06-28 17:40:18,433][root][INFO] - copying ./src/experiments_outputs/2025_06_28_17_31_27\logs\validation\events.out.tfevents.1751125158.TITOS_DESKTOP.23224.2.v2 -> C:\Users\drugm\stm32ai-modelzoo-services\text_generation_word\mlruns\821670684318703961\6426534d84b04d76876a265adce80265\artifacts\2025_06_28_17_31_27\logs\validation
[2025-06-28 17:40:18,434][root][INFO] - creating C:\Users\drugm\stm32ai-modelzoo-services\text_generation_word\mlruns\821670684318703961\6426534d84b04d76876a265adce80265\artifacts\2025_06_28_17_31_27\quantized_models
[2025-06-28 17:40:18,434][root][INFO] - copying ./src/experiments_outputs/2025_06_28_17_31_27\quantized_models\embedding_matrix.npy -> C:\Users\drugm\stm32ai-modelzoo-services\text_generation_word\mlruns\821670684318703961\6426534d84b04d76876a265adce80265\artifacts\2025_06_28_17_31_27\quantized_models
[2025-06-28 17:40:18,441][root][INFO] - copying ./src/experiments_outputs/2025_06_28_17_31_27\quantized_models\quantized_model.tflite -> C:\Users\drugm\stm32ai-modelzoo-services\text_generation_word\mlruns\821670684318703961\6426534d84b04d76876a265adce80265\artifacts\2025_06_28_17_31_27\quantized_models
[2025-06-28 17:40:18,444][root][INFO] - creating C:\Users\drugm\stm32ai-modelzoo-services\text_generation_word\mlruns\821670684318703961\6426534d84b04d76876a265adce80265\artifacts\2025_06_28_17_31_27\saved_models
[2025-06-28 17:40:18,445][root][INFO] - copying ./src/experiments_outputs/2025_06_28_17_31_27\saved_models\best_model.h5 -> C:\Users\drugm\stm32ai-modelzoo-services\text_generation_word\mlruns\821670684318703961\6426534d84b04d76876a265adce80265\artifacts\2025_06_28_17_31_27\saved_models
[2025-06-28 17:40:18,504][root][INFO] - copying ./src/experiments_outputs/2025_06_28_17_31_27\saved_models\last_model.h5 -> C:\Users\drugm\stm32ai-modelzoo-services\text_generation_word\mlruns\821670684318703961\6426534d84b04d76876a265adce80265\artifacts\2025_06_28_17_31_27\saved_models
[2025-06-28 17:40:18,567][root][INFO] - copying ./src/experiments_outputs/2025_06_28_17_31_27\stm32ai_main.log -> C:\Users\drugm\stm32ai-modelzoo-services\text_generation_word\mlruns\821670684318703961\6426534d84b04d76876a265adce80265\artifacts\2025_06_28_17_31_27
operation finished: chain_tqe
