operation_mode: chain_tqe
[2025-06-28 19:45:38,545][tensorflow][WARNING] - Efficient allreduce is not supported for 1 IndexedSlices
[2025-06-28 19:45:40,897][tensorflow][WARNING] - Efficient allreduce is not supported for 1 IndexedSlices
[2025-06-28 20:53:02,281][root][INFO] - creating C:\Users\drugm\stm32ai-modelzoo-services\text_generation_word\mlruns\821670684318703961\83649b478b1d47a6869540f666d1ad7a\artifacts\tensorboard_logs\metrics
[2025-06-28 20:53:02,282][root][INFO] - copying C:\Users\drugm\stm32ai-modelzoo-services\text_generation_word\src\experiments_outputs\2025_06_28_19_44_52\logs\metrics\events.out.tfevents.1751132737.TITOS_DESKTOP.29592.0.v2 -> C:\Users\drugm\stm32ai-modelzoo-services\text_generation_word\mlruns\821670684318703961\83649b478b1d47a6869540f666d1ad7a\artifacts\tensorboard_logs\metrics
[2025-06-28 20:53:02,288][root][INFO] - copying C:\Users\drugm\stm32ai-modelzoo-services\text_generation_word\src\experiments_outputs\2025_06_28_19_44_52\logs\metrics\train_metrics.csv -> C:\Users\drugm\stm32ai-modelzoo-services\text_generation_word\mlruns\821670684318703961\83649b478b1d47a6869540f666d1ad7a\artifacts\tensorboard_logs\metrics
[2025-06-28 20:53:02,294][root][INFO] - creating C:\Users\drugm\stm32ai-modelzoo-services\text_generation_word\mlruns\821670684318703961\83649b478b1d47a6869540f666d1ad7a\artifacts\tensorboard_logs\train
[2025-06-28 20:53:02,294][root][INFO] - copying C:\Users\drugm\stm32ai-modelzoo-services\text_generation_word\src\experiments_outputs\2025_06_28_19_44_52\logs\train\events.out.tfevents.1751132737.TITOS_DESKTOP.29592.1.v2 -> C:\Users\drugm\stm32ai-modelzoo-services\text_generation_word\mlruns\821670684318703961\83649b478b1d47a6869540f666d1ad7a\artifacts\tensorboard_logs\train
[2025-06-28 20:53:02,301][root][INFO] - creating C:\Users\drugm\stm32ai-modelzoo-services\text_generation_word\mlruns\821670684318703961\83649b478b1d47a6869540f666d1ad7a\artifacts\tensorboard_logs\validation
[2025-06-28 20:53:02,301][root][INFO] - copying C:\Users\drugm\stm32ai-modelzoo-services\text_generation_word\src\experiments_outputs\2025_06_28_19_44_52\logs\validation\events.out.tfevents.1751133119.TITOS_DESKTOP.29592.2.v2 -> C:\Users\drugm\stm32ai-modelzoo-services\text_generation_word\mlruns\821670684318703961\83649b478b1d47a6869540f666d1ad7a\artifacts\tensorboard_logs\validation
[2025-06-28 20:53:03,330][tensorflow][WARNING] - Compiled the loaded model, but the compiled metrics have yet to be built. `model.compile_metrics` will be empty until you train or evaluate the model.
[2025-06-28 20:53:03,806][tensorflow][WARNING] - No training configuration found in the save file, so the model was *not* compiled. Compile it manually.
[2025-06-28 20:53:07,427][absl][WARNING] - Found untraced functions such as mha_layer_call_fn, mha_layer_call_and_return_conditional_losses, ln1_layer_call_fn, ln1_layer_call_and_return_conditional_losses, ln2_layer_call_fn while saving (showing 5 of 84). These functions will not be directly callable after loading.
[2025-06-28 20:53:29,363][root][INFO] - creating C:\Users\drugm\stm32ai-modelzoo-services\text_generation_word\mlruns\821670684318703961\83649b478b1d47a6869540f666d1ad7a\artifacts\2025_06_28_19_44_52\.hydra
[2025-06-28 20:53:29,364][root][INFO] - copying ./src/experiments_outputs/2025_06_28_19_44_52\.hydra\config.yaml -> C:\Users\drugm\stm32ai-modelzoo-services\text_generation_word\mlruns\821670684318703961\83649b478b1d47a6869540f666d1ad7a\artifacts\2025_06_28_19_44_52\.hydra
[2025-06-28 20:53:29,371][root][INFO] - copying ./src/experiments_outputs/2025_06_28_19_44_52\.hydra\hydra.yaml -> C:\Users\drugm\stm32ai-modelzoo-services\text_generation_word\mlruns\821670684318703961\83649b478b1d47a6869540f666d1ad7a\artifacts\2025_06_28_19_44_52\.hydra
[2025-06-28 20:53:29,379][root][INFO] - copying ./src/experiments_outputs/2025_06_28_19_44_52\.hydra\overrides.yaml -> C:\Users\drugm\stm32ai-modelzoo-services\text_generation_word\mlruns\821670684318703961\83649b478b1d47a6869540f666d1ad7a\artifacts\2025_06_28_19_44_52\.hydra
[2025-06-28 20:53:29,380][root][INFO] - creating C:\Users\drugm\stm32ai-modelzoo-services\text_generation_word\mlruns\821670684318703961\83649b478b1d47a6869540f666d1ad7a\artifacts\2025_06_28_19_44_52\logs
[2025-06-28 20:53:29,381][root][INFO] - creating C:\Users\drugm\stm32ai-modelzoo-services\text_generation_word\mlruns\821670684318703961\83649b478b1d47a6869540f666d1ad7a\artifacts\2025_06_28_19_44_52\logs\metrics
[2025-06-28 20:53:29,381][root][INFO] - copying ./src/experiments_outputs/2025_06_28_19_44_52\logs\metrics\events.out.tfevents.1751132737.TITOS_DESKTOP.29592.0.v2 -> C:\Users\drugm\stm32ai-modelzoo-services\text_generation_word\mlruns\821670684318703961\83649b478b1d47a6869540f666d1ad7a\artifacts\2025_06_28_19_44_52\logs\metrics
[2025-06-28 20:53:29,382][root][INFO] - copying ./src/experiments_outputs/2025_06_28_19_44_52\logs\metrics\train_metrics.csv -> C:\Users\drugm\stm32ai-modelzoo-services\text_generation_word\mlruns\821670684318703961\83649b478b1d47a6869540f666d1ad7a\artifacts\2025_06_28_19_44_52\logs\metrics
[2025-06-28 20:53:29,382][root][INFO] - creating C:\Users\drugm\stm32ai-modelzoo-services\text_generation_word\mlruns\821670684318703961\83649b478b1d47a6869540f666d1ad7a\artifacts\2025_06_28_19_44_52\logs\train
[2025-06-28 20:53:29,383][root][INFO] - copying ./src/experiments_outputs/2025_06_28_19_44_52\logs\train\events.out.tfevents.1751132737.TITOS_DESKTOP.29592.1.v2 -> C:\Users\drugm\stm32ai-modelzoo-services\text_generation_word\mlruns\821670684318703961\83649b478b1d47a6869540f666d1ad7a\artifacts\2025_06_28_19_44_52\logs\train
[2025-06-28 20:53:29,385][root][INFO] - creating C:\Users\drugm\stm32ai-modelzoo-services\text_generation_word\mlruns\821670684318703961\83649b478b1d47a6869540f666d1ad7a\artifacts\2025_06_28_19_44_52\logs\validation
[2025-06-28 20:53:29,385][root][INFO] - copying ./src/experiments_outputs/2025_06_28_19_44_52\logs\validation\events.out.tfevents.1751133119.TITOS_DESKTOP.29592.2.v2 -> C:\Users\drugm\stm32ai-modelzoo-services\text_generation_word\mlruns\821670684318703961\83649b478b1d47a6869540f666d1ad7a\artifacts\2025_06_28_19_44_52\logs\validation
[2025-06-28 20:53:29,386][root][INFO] - creating C:\Users\drugm\stm32ai-modelzoo-services\text_generation_word\mlruns\821670684318703961\83649b478b1d47a6869540f666d1ad7a\artifacts\2025_06_28_19_44_52\quantized_models
[2025-06-28 20:53:29,386][root][INFO] - copying ./src/experiments_outputs/2025_06_28_19_44_52\quantized_models\embedding_matrix.npy -> C:\Users\drugm\stm32ai-modelzoo-services\text_generation_word\mlruns\821670684318703961\83649b478b1d47a6869540f666d1ad7a\artifacts\2025_06_28_19_44_52\quantized_models
[2025-06-28 20:53:29,394][root][INFO] - copying ./src/experiments_outputs/2025_06_28_19_44_52\quantized_models\quantized_model.tflite -> C:\Users\drugm\stm32ai-modelzoo-services\text_generation_word\mlruns\821670684318703961\83649b478b1d47a6869540f666d1ad7a\artifacts\2025_06_28_19_44_52\quantized_models
[2025-06-28 20:53:29,398][root][INFO] - creating C:\Users\drugm\stm32ai-modelzoo-services\text_generation_word\mlruns\821670684318703961\83649b478b1d47a6869540f666d1ad7a\artifacts\2025_06_28_19_44_52\saved_models
[2025-06-28 20:53:29,399][root][INFO] - copying ./src/experiments_outputs/2025_06_28_19_44_52\saved_models\best_model.h5 -> C:\Users\drugm\stm32ai-modelzoo-services\text_generation_word\mlruns\821670684318703961\83649b478b1d47a6869540f666d1ad7a\artifacts\2025_06_28_19_44_52\saved_models
[2025-06-28 20:53:29,465][root][INFO] - copying ./src/experiments_outputs/2025_06_28_19_44_52\saved_models\last_model.h5 -> C:\Users\drugm\stm32ai-modelzoo-services\text_generation_word\mlruns\821670684318703961\83649b478b1d47a6869540f666d1ad7a\artifacts\2025_06_28_19_44_52\saved_models
[2025-06-28 20:53:29,537][root][INFO] - copying ./src/experiments_outputs/2025_06_28_19_44_52\stm32ai_main.log -> C:\Users\drugm\stm32ai-modelzoo-services\text_generation_word\mlruns\821670684318703961\83649b478b1d47a6869540f666d1ad7a\artifacts\2025_06_28_19_44_52
operation finished: chain_tqe
